<?xml version="1.0" encoding="UTF-8"?>
<testsuite xmlns:xsi="http://www.w3.org/2001/XMLSchema-instance" xsi:noNamespaceSchemaLocation="https://maven.apache.org/surefire/maven-surefire-plugin/xsd/surefire-test-report.xsd" name="edu.brandeis.cosi103a.ip1.AppTest" time="0.043" tests="24" errors="0" skipped="0" failures="0">
  <properties>
[...]
</properties>
  <testcase name="testPlayerAddScore" classname="edu.brandeis.cosi103a.ip1.AppTest" time="0.003"/>
  <testcase name="testPlayerInitialization" classname="edu.brandeis.cosi103a.ip1.AppTest" time="0"/>
  <testcase name="testDiceGameRollDie" classname="edu.brandeis.cosi103a.ip1.AppTest" time="0"/>
  <testcase name="testPlayerResetScoreAfterMultipleAdditions" classname="edu.brandeis.cosi103a.ip1.AppTest" time="0.001"/>
  <testcase name="testDetermineWinnerPlayer1Wins" classname="edu.brandeis.cosi103a.ip1.AppTest" time="0"/>
  <testcase name="testDetermineWinnerPlayer2Wins" classname="edu.brandeis.cosi103a.ip1.AppTest" time="0"/>
  <testcase name="testPlayerAddScoreAccumulates" classname="edu.brandeis.cosi103a.ip1.AppTest" time="0"/>
  <testcase name="testPlayerAddScoreDifferentValues" classname="edu.brandeis.cosi103a.ip1.AppTest" time="0"/>
  <testcase name="testRollDieMultipleTimes" classname="edu.brandeis.cosi103a.ip1.AppTest" time="0.002"/>
  <testcase name="testGetPlayer1" classname="edu.brandeis.cosi103a.ip1.AppTest" time="0"/>
  <testcase name="testGetPlayer2" classname="edu.brandeis.cosi103a.ip1.AppTest" time="0.001"/>
  <testcase name="testGetCurrentDieValue" classname="edu.brandeis.cosi103a.ip1.AppTest" time="0"/>
  <testcase name="testDetermineWinnerTie" classname="edu.brandeis.cosi103a.ip1.AppTest" time="0"/>
  <testcase name="testDetermineWinnerTieHighScores" classname="edu.brandeis.cosi103a.ip1.AppTest" time="0"/>
  <testcase name="testGetPlayersAreDifferent" classname="edu.brandeis.cosi103a.ip1.AppTest" time="0"/>
  <testcase name="testPlayerGetName" classname="edu.brandeis.cosi103a.ip1.AppTest" time="0.001"/>
  <testcase name="testPlayerResetScore" classname="edu.brandeis.cosi103a.ip1.AppTest" time="0"/>
  <testcase name="testComplexGameScenario" classname="edu.brandeis.cosi103a.ip1.AppTest" time="0"/>
  <testcase name="testRollDieRandomness" classname="edu.brandeis.cosi103a.ip1.AppTest" time="0"/>
  <testcase name="testPlayerScoreAfterReset" classname="edu.brandeis.cosi103a.ip1.AppTest" time="0"/>
  <testcase name="testDiceGameRollDieMultiple" classname="edu.brandeis.cosi103a.ip1.AppTest" time="0.002"/>
  <testcase name="testPlayerGetScoreInitial" classname="edu.brandeis.cosi103a.ip1.AppTest" time="0"/>
  <testcase name="testDetermineWinnerBothZeroScore" classname="edu.brandeis.cosi103a.ip1.AppTest" time="0"/>
  <testcase name="testRollDieReturnsValidValue" classname="edu.brandeis.cosi103a.ip1.AppTest" time="0.001"/>
</testsuite>