<?xml version="1.0" encoding="UTF-8"?>
<testsuite xmlns:xsi="http://www.w3.org/2001/XMLSchema-instance" xsi:noNamespaceSchemaLocation="https://maven.apache.org/surefire/maven-surefire-plugin/xsd/surefire-test-report.xsd" name="edu.brandeis.cosi103a.ip1.AppTest" time="0.059" tests="45" errors="0" skipped="0" failures="0">
  <properties>
[...]
</properties>
  <testcase name="testAddToDiscardPile" classname="edu.brandeis.cosi103a.ip1.AppTest" time="0.005"/>
  <testcase name="testHandRefilled" classname="edu.brandeis.cosi103a.ip1.AppTest" time="0"/>
  <testcase name="testCardInequality" classname="edu.brandeis.cosi103a.ip1.AppTest" time="0.001"/>
  <testcase name="testCryptocurrencyCardToString" classname="edu.brandeis.cosi103a.ip1.AppTest" time="0.004"/>
  <testcase name="testGetFrameworkCount" classname="edu.brandeis.cosi103a.ip1.AppTest" time="0.001"/>
  <testcase name="testGameEndsWhenFrameworksGone" classname="edu.brandeis.cosi103a.ip1.AppTest" time="0.001"/>
  <testcase name="testTotalDeckSize" classname="edu.brandeis.cosi103a.ip1.AppTest" time="0"/>
  <testcase name="testCalculateAutomationPoints" classname="edu.brandeis.cosi103a.ip1.AppTest" time="0"/>
  <testcase name="testPlayGameCompletes" classname="edu.brandeis.cosi103a.ip1.AppTest" time="0.001"/>
  <testcase name="testExecuteTurn" classname="edu.brandeis.cosi103a.ip1.AppTest" time="0"/>
  <testcase name="testGetAllCards" classname="edu.brandeis.cosi103a.ip1.AppTest" time="0.001"/>
  <testcase name="testCalculateAutomationPointsInHand" classname="edu.brandeis.cosi103a.ip1.AppTest" time="0"/>
  <testcase name="testSupplyDepletion" classname="edu.brandeis.cosi103a.ip1.AppTest" time="0"/>
  <testcase name="testShuffleDrawPile" classname="edu.brandeis.cosi103a.ip1.AppTest" time="0"/>
  <testcase name="testSupplyInitialization" classname="edu.brandeis.cosi103a.ip1.AppTest" time="0"/>
  <testcase name="testGetHand" classname="edu.brandeis.cosi103a.ip1.AppTest" time="0.001"/>
  <testcase name="testPlayerSwitchesAfterTurn" classname="edu.brandeis.cosi103a.ip1.AppTest" time="0"/>
  <testcase name="testGameProgressesTowardCompletion" classname="edu.brandeis.cosi103a.ip1.AppTest" time="0"/>
  <testcase name="testSupplyCountAccuracy" classname="edu.brandeis.cosi103a.ip1.AppTest" time="0"/>
  <testcase name="testDiscardCards" classname="edu.brandeis.cosi103a.ip1.AppTest" time="0.001"/>
  <testcase name="testGameInitialization" classname="edu.brandeis.cosi103a.ip1.AppTest" time="0"/>
  <testcase name="testPlayGameHasWinner" classname="edu.brandeis.cosi103a.ip1.AppTest" time="0.001"/>
  <testcase name="testGetCurrentPlayer" classname="edu.brandeis.cosi103a.ip1.AppTest" time="0"/>
  <testcase name="testTakeCard" classname="edu.brandeis.cosi103a.ip1.AppTest" time="0"/>
  <testcase name="testDealHandWithReshuffle" classname="edu.brandeis.cosi103a.ip1.AppTest" time="0"/>
  <testcase name="testHasCard" classname="edu.brandeis.cosi103a.ip1.AppTest" time="0"/>
  <testcase name="testGetOtherPlayer" classname="edu.brandeis.cosi103a.ip1.AppTest" time="0.001"/>
  <testcase name="testAutomationCardCreation" classname="edu.brandeis.cosi103a.ip1.AppTest" time="0"/>
  <testcase name="testGameFlowLogic" classname="edu.brandeis.cosi103a.ip1.AppTest" time="0.001"/>
  <testcase name="testDifferentGamesHaveDifferentWinners" classname="edu.brandeis.cosi103a.ip1.AppTest" time="0.001"/>
  <testcase name="testTakeCardNotAvailable" classname="edu.brandeis.cosi103a.ip1.AppTest" time="0"/>
  <testcase name="testAddToDrawPile" classname="edu.brandeis.cosi103a.ip1.AppTest" time="0"/>
  <testcase name="testPlayerHandStaysValid" classname="edu.brandeis.cosi103a.ip1.AppTest" time="0"/>
  <testcase name="testPlayerCreation" classname="edu.brandeis.cosi103a.ip1.AppTest" time="0"/>
  <testcase name="testDealHand" classname="edu.brandeis.cosi103a.ip1.AppTest" time="0.001"/>
  <testcase name="testMultipleGames" classname="edu.brandeis.cosi103a.ip1.AppTest" time="0"/>
  <testcase name="testGameLengthReasonable" classname="edu.brandeis.cosi103a.ip1.AppTest" time="0.002"/>
  <testcase name="testAutomationCardToString" classname="edu.brandeis.cosi103a.ip1.AppTest" time="0"/>
  <testcase name="testGameStarterDeck" classname="edu.brandeis.cosi103a.ip1.AppTest" time="0"/>
  <testcase name="testGetWinner" classname="edu.brandeis.cosi103a.ip1.AppTest" time="0.001"/>
  <testcase name="testCryptocurrencyCardCreation" classname="edu.brandeis.cosi103a.ip1.AppTest" time="0"/>
  <testcase name="testCardHashCode" classname="edu.brandeis.cosi103a.ip1.AppTest" time="0"/>
  <testcase name="testGameNotOverInitially" classname="edu.brandeis.cosi103a.ip1.AppTest" time="0"/>
  <testcase name="testSupplyToString" classname="edu.brandeis.cosi103a.ip1.AppTest" time="0.006"/>
  <testcase name="testCardEquality" classname="edu.brandeis.cosi103a.ip1.AppTest" time="0"/>
</testsuite>